0 info it worked if it ends with ok
1 verbose cli [ '/usr/bin/node', '/usr/bin/npm', 'run', 'cypress:open' ]
2 info using npm@3.5.2
3 info using node@v8.10.0
4 verbose run-script [ 'precypress:open', 'cypress:open', 'postcypress:open' ]
5 info lifecycle @~precypress:open: @
6 silly lifecycle @~precypress:open: no script for precypress:open, continuing
7 info lifecycle @~cypress:open: @
8 verbose lifecycle @~cypress:open: unsafe-perm in lifecycle true
9 verbose lifecycle @~cypress:open: PATH: /usr/share/npm/bin/node-gyp-bin:/home/cristiana/Projects/sd-011-project-pixels-art/node_modules/.bin:/usr/local/sbin:/usr/local/bin:/usr/sbin:/usr/bin:/sbin:/bin:/usr/games:/usr/local/games:/snap/bin
10 verbose lifecycle @~cypress:open: CWD: /home/cristiana/Projects/sd-011-project-pixels-art
11 silly lifecycle @~cypress:open: Args: [ '-c', 'cypress open' ]
12 info lifecycle @~cypress:open: Failed to exec cypress:open script
13 verbose stack Error: @ cypress:open: `cypress open`
13 verbose stack spawn ENOENT
13 verbose stack     at ChildProcess.<anonymous> (/usr/share/npm/lib/utils/spawn.js:17:16)
13 verbose stack     at emitTwo (events.js:126:13)
13 verbose stack     at ChildProcess.emit (events.js:214:7)
13 verbose stack     at maybeClose (internal/child_process.js:925:16)
13 verbose stack     at Process.ChildProcess._handle.onexit (internal/child_process.js:209:5)
14 verbose pkgid @
15 verbose cwd /home/cristiana/Projects/sd-011-project-pixels-art
16 error Linux 5.4.0-67-generic
17 error argv "/usr/bin/node" "/usr/bin/npm" "run" "cypress:open"
18 error node v8.10.0
19 error npm  v3.5.2
20 error file sh
21 error code ELIFECYCLE
22 error errno ENOENT
23 error syscall spawn
24 error @ cypress:open: `cypress open`
24 error spawn ENOENT
25 error Failed at the @ cypress:open script 'cypress open'.
25 error Make sure you have the latest version of node.js and npm installed.
25 error If you do, this is most likely a problem with the  package,
25 error not with npm itself.
25 error Tell the author that this fails on your system:
25 error     cypress open
25 error You can get information on how to open an issue for this project with:
25 error     npm bugs
25 error Or if that isn't available, you can get their info via:
25 error     npm owner ls
25 error There is likely additional logging output above.
26 verbose exit [ 1, true ]
